<?xml version="1.0" encoding="utf-8"?>
<TestRun id="cc2cd391-962b-4ea4-bb11-a5e65ecf6c4c" name="gaby8@GABRIEL 2026-03-05 17:32:16" runUser="GABRIEL\gaby8" xmlns="http://microsoft.com/schemas/VisualStudio/TeamTest/2010">
  <Times creation="2026-03-05T17:32:16.2716594+00:00" queuing="2026-03-05T17:32:16.2716596+00:00" start="2026-03-05T17:32:15.8246355+00:00" finish="2026-03-05T17:32:18.6255605+00:00" />
  <TestSettings name="default" id="9f96e1ee-bea9-427b-ab9d-539e56485355">
    <Deployment runDeploymentRoot="gaby8_GABRIEL_2026-03-05_17_32_16" />
  </TestSettings>
  <Results>
    <UnitTestResult executionId="84d814a1-2792-44c5-b7d5-d0117b7d7473" testId="28e641b6-78ba-2278-8c00-95672660e909" testName="HospitalityPlatform.Api.Tests.IntegrationTests.AdminEndpoint_NonAdminUser_Returns403" computerName="GABRIEL" duration="00:00:00.0431196" startTime="2026-03-05T17:32:18.2398798+00:00" endTime="2026-03-05T17:32:18.2398799+00:00" testType="13cdc9d9-ddb5-4fa4-a97d-d965ccfc6d4b" outcome="Passed" testListId="8c84fa94-04c1-424b-9868-57a2d4851a1d" relativeResultsDirectory="84d814a1-2792-44c5-b7d5-d0117b7d7473" />
    <UnitTestResult executionId="f42bcd8a-363e-4740-b6f6-40170156e2c9" testId="f5cd9d76-61a7-e0c8-03d6-8f7135ffe939" testName="HospitalityPlatform.Api.Tests.AdminServiceTests.UnsuspendOrganizationAsync_SetIsActiveTrue_AndLogsAudit" computerName="GABRIEL" duration="00:00:00.0356027" startTime="2026-03-05T17:32:16.7066600+00:00" endTime="2026-03-05T17:32:16.7066601+00:00" testType="13cdc9d9-ddb5-4fa4-a97d-d965ccfc6d4b" outcome="Passed" testListId="8c84fa94-04c1-424b-9868-57a2d4851a1d" relativeResultsDirectory="f42bcd8a-363e-4740-b6f6-40170156e2c9" />
    <UnitTestResult executionId="b23a220e-2650-4934-b1f9-43a1ace57ef8" testId="866effb9-d0b9-aa07-f24a-19a577f0f8ce" testName="HospitalityPlatform.Api.Tests.AdminServiceTests.GetSubscriptionsByStatusAsync_ReturnsSubscriptions_WithMatchingStatus" computerName="GABRIEL" duration="00:00:00.4550669" startTime="2026-03-05T17:32:16.6412599+00:00" endTime="2026-03-05T17:32:16.6412600+00:00" testType="13cdc9d9-ddb5-4fa4-a97d-d965ccfc6d4b" outcome="Passed" testListId="8c84fa94-04c1-424b-9868-57a2d4851a1d" relativeResultsDirectory="b23a220e-2650-4934-b1f9-43a1ace57ef8" />
    <UnitTestResult executionId="872d82ed-78c2-44b2-96e7-abcb151640a5" testId="71c180cf-c302-8d55-3c27-3cc051927268" testName="HospitalityPlatform.Api.Tests.AdminServiceTests.GetAuditLogsAsync_ReturnsPagedAuditLogs" computerName="GABRIEL" duration="00:00:00.0095059" startTime="2026-03-05T17:32:16.7162553+00:00" endTime="2026-03-05T17:32:16.7162556+00:00" testType="13cdc9d9-ddb5-4fa4-a97d-d965ccfc6d4b" outcome="Passed" testListId="8c84fa94-04c1-424b-9868-57a2d4851a1d" relativeResultsDirectory="872d82ed-78c2-44b2-96e7-abcb151640a5" />
    <UnitTestResult executionId="2f559593-8b3d-4386-be77-ce71ba54759f" testId="48598664-693a-14b9-595c-9dabc90f71d5" testName="HospitalityPlatform.Api.Tests.BillingServiceTests.ProcessWebhook_SubscriptionUpdated_UpdatesStatus" computerName="GABRIEL" duration="00:00:00.0116316" startTime="2026-03-05T17:32:16.2602918+00:00" endTime="2026-03-05T17:32:16.2602918+00:00" testType="13cdc9d9-ddb5-4fa4-a97d-d965ccfc6d4b" outcome="Passed" testListId="8c84fa94-04c1-424b-9868-57a2d4851a1d" relativeResultsDirectory="2f559593-8b3d-4386-be77-ce71ba54759f" />
    <UnitTestResult executionId="8974404c-38ba-423e-b55f-e05a3fdb6094" testId="766610ba-3864-dc00-8282-095af169f4e5" testName="HospitalityPlatform.Api.Tests.BillingServiceTests.ProcessWebhook_DuplicateEvent_ReturnsFalse" computerName="GABRIEL" duration="00:00:00.0578671" startTime="2026-03-05T17:32:16.2440125+00:00" endTime="2026-03-05T17:32:16.2440126+00:00" testType="13cdc9d9-ddb5-4fa4-a97d-d965ccfc6d4b" outcome="Passed" testListId="8c84fa94-04c1-424b-9868-57a2d4851a1d" relativeResultsDirectory="8974404c-38ba-423e-b55f-e05a3fdb6094" />
    <UnitTestResult executionId="244e8a62-2253-4740-86d4-a30539b15fb4" testId="0044cd4b-6ff8-57aa-d27b-6ea197342ad5" testName="HospitalityPlatform.Api.Tests.AdminServiceTests.GetUserAsync_ReturnsUser_WhenFound" computerName="GABRIEL" duration="00:00:00.0285394" startTime="2026-03-05T17:32:16.6698754+00:00" endTime="2026-03-05T17:32:16.6698756+00:00" testType="13cdc9d9-ddb5-4fa4-a97d-d965ccfc6d4b" outcome="Passed" testListId="8c84fa94-04c1-424b-9868-57a2d4851a1d" relativeResultsDirectory="244e8a62-2253-4740-86d4-a30539b15fb4" />
    <UnitTestResult executionId="6ca1d5e6-0589-4e5a-b709-db5eb5ccbb07" testId="9afcbb2e-fc42-559b-1b2b-0257c6ccacf1" testName="HospitalityPlatform.Api.Tests.AdminServiceTests.UnsuspendUserAsync_SetIsActiveTrue_AndLogsAudit" computerName="GABRIEL" duration="00:00:00.0137878" startTime="2026-03-05T17:32:16.7615303+00:00" endTime="2026-03-05T17:32:16.7615305+00:00" testType="13cdc9d9-ddb5-4fa4-a97d-d965ccfc6d4b" outcome="Passed" testListId="8c84fa94-04c1-424b-9868-57a2d4851a1d" relativeResultsDirectory="6ca1d5e6-0589-4e5a-b709-db5eb5ccbb07" />
    <UnitTestResult executionId="ee9e2eae-3609-466f-a72e-e0d2d8fa0d3c" testId="e52846b2-cdf5-ab34-7620-34bf3ca60f73" testName="HospitalityPlatform.Api.Tests.UserRatingsServiceTests.GetAverageRating_NoRatings_ReturnsZero" computerName="GABRIEL" duration="00:00:00.0046175" startTime="2026-03-05T17:32:16.2488030+00:00" endTime="2026-03-05T17:32:16.2488031+00:00" testType="13cdc9d9-ddb5-4fa4-a97d-d965ccfc6d4b" outcome="Passed" testListId="8c84fa94-04c1-424b-9868-57a2d4851a1d" relativeResultsDirectory="ee9e2eae-3609-466f-a72e-e0d2d8fa0d3c" />
    <UnitTestResult executionId="e82a1c2c-a247-4fa5-8ed9-a83cbbe3624d" testId="566d6ccd-7f40-d5ee-8458-ecaa96406db1" testName="HospitalityPlatform.Api.Tests.AdminServiceTests.GetAuditLogsByActionAsync_ReturnsLogsMatchingAction" computerName="GABRIEL" duration="00:00:00.0064849" startTime="2026-03-05T17:32:16.7794373+00:00" endTime="2026-03-05T17:32:16.7794374+00:00" testType="13cdc9d9-ddb5-4fa4-a97d-d965ccfc6d4b" outcome="Passed" testListId="8c84fa94-04c1-424b-9868-57a2d4851a1d" relativeResultsDirectory="e82a1c2c-a247-4fa5-8ed9-a83cbbe3624d" />
    <UnitTestResult executionId="d8de3f3e-c044-4620-bf9e-c60e0fdd0f3b" testId="b9a2314f-3890-f942-39ec-6a986c4de72b" testName="HospitalityPlatform.Api.Tests.IntegrationTests.ProtectedEndpoint_NoToken_Returns401" computerName="GABRIEL" duration="00:00:00.0033099" startTime="2026-03-05T17:32:17.7079967+00:00" endTime="2026-03-05T17:32:17.7079968+00:00" testType="13cdc9d9-ddb5-4fa4-a97d-d965ccfc6d4b" outcome="Passed" testListId="8c84fa94-04c1-424b-9868-57a2d4851a1d" relativeResultsDirectory="d8de3f3e-c044-4620-bf9e-c60e0fdd0f3b" />
    <UnitTestResult executionId="8a17fe73-d113-4892-a5cd-9ec27fa9653f" testId="ff6483fd-13ff-855e-2718-de994920a223" testName="HospitalityPlatform.Api.Tests.UserRatingsServiceTests.CreateRating_ValidInput_AddRatingAndSaves" computerName="GABRIEL" duration="00:00:00.0290024" startTime="2026-03-05T17:32:16.2438032+00:00" endTime="2026-03-05T17:32:16.2438034+00:00" testType="13cdc9d9-ddb5-4fa4-a97d-d965ccfc6d4b" outcome="Passed" testListId="8c84fa94-04c1-424b-9868-57a2d4851a1d" relativeResultsDirectory="8a17fe73-d113-4892-a5cd-9ec27fa9653f" />
    <UnitTestResult executionId="d1380a2d-70eb-4c0f-bfaa-b8da49c65dd3" testId="1c74943e-a0d9-8204-a181-a14779af56e7" testName="HospitalityPlatform.Api.Tests.IntegrationTests.Messaging_UnverifiedUser_Returns403" computerName="GABRIEL" duration="00:00:00.1032789" startTime="2026-03-05T17:32:17.1478428+00:00" endTime="2026-03-05T17:32:17.1478429+00:00" testType="13cdc9d9-ddb5-4fa4-a97d-d965ccfc6d4b" outcome="Passed" testListId="8c84fa94-04c1-424b-9868-57a2d4851a1d" relativeResultsDirectory="d1380a2d-70eb-4c0f-bfaa-b8da49c65dd3" />
    <UnitTestResult executionId="f09a4e81-7f85-44dc-a1db-f0c07f44b050" testId="a7eca8b9-1c3a-9d2a-af83-f26948f9245a" testName="HospitalityPlatform.Api.Tests.AdminServiceTests.SuspendUserAsync_SetIsActiveFalse_AndLogsAudit" computerName="GABRIEL" duration="00:00:00.0027654" startTime="2026-03-05T17:32:16.7656382+00:00" endTime="2026-03-05T17:32:16.7656383+00:00" testType="13cdc9d9-ddb5-4fa4-a97d-d965ccfc6d4b" outcome="Passed" testListId="8c84fa94-04c1-424b-9868-57a2d4851a1d" relativeResultsDirectory="f09a4e81-7f85-44dc-a1db-f0c07f44b050" />
    <UnitTestResult executionId="7e947f7e-dc10-49bd-b0d4-beefde25c5d5" testId="9e57c3ea-7782-4fb9-fbeb-7dd87a3bac71" testName="HospitalityPlatform.Api.Tests.IntegrationTests.Messaging_UnsubscribedUser_Returns403" computerName="GABRIEL" duration="00:00:00.0516530" startTime="2026-03-05T17:32:17.8800323+00:00" endTime="2026-03-05T17:32:17.8800324+00:00" testType="13cdc9d9-ddb5-4fa4-a97d-d965ccfc6d4b" outcome="Passed" testListId="8c84fa94-04c1-424b-9868-57a2d4851a1d" relativeResultsDirectory="7e947f7e-dc10-49bd-b0d4-beefde25c5d5" />
    <UnitTestResult executionId="8a410ded-af35-4860-86e2-e4175f7f8163" testId="91720449-6c81-78c5-4d16-a405d075d158" testName="HospitalityPlatform.Api.Tests.IntegrationTests.ProtectedEndpoint_InvalidToken_Returns401" computerName="GABRIEL" duration="00:00:00.0544230" startTime="2026-03-05T17:32:16.8985084+00:00" endTime="2026-03-05T17:32:16.8985088+00:00" testType="13cdc9d9-ddb5-4fa4-a97d-d965ccfc6d4b" outcome="Passed" testListId="8c84fa94-04c1-424b-9868-57a2d4851a1d" relativeResultsDirectory="8a410ded-af35-4860-86e2-e4175f7f8163" />
    <UnitTestResult executionId="9767d843-956b-40ea-bd3e-033f9d9375ec" testId="63356e43-3ed4-d214-dc42-82db50983dfa" testName="HospitalityPlatform.Api.Tests.AdminServiceTests.GetUserAsync_ReturnsNull_WhenNotFound" computerName="GABRIEL" duration="00:00:00.0010242" startTime="2026-03-05T17:32:16.6710179+00:00" endTime="2026-03-05T17:32:16.6710180+00:00" testType="13cdc9d9-ddb5-4fa4-a97d-d965ccfc6d4b" outcome="Passed" testListId="8c84fa94-04c1-424b-9868-57a2d4851a1d" relativeResultsDirectory="9767d843-956b-40ea-bd3e-033f9d9375ec" />
    <UnitTestResult executionId="44d048a5-11e2-483b-9c9e-05210a2e171b" testId="e14767cc-b6df-4d83-3a5c-26ec26c9ddfc" testName="HospitalityPlatform.Api.Tests.IntegrationTests.WaitlistJoin_DuplicateEmail_Returns400BadRequest" computerName="GABRIEL" duration="00:00:00.0123661" startTime="2026-03-05T17:32:18.5847482+00:00" endTime="2026-03-05T17:32:18.5847484+00:00" testType="13cdc9d9-ddb5-4fa4-a97d-d965ccfc6d4b" outcome="Passed" testListId="8c84fa94-04c1-424b-9868-57a2d4851a1d" relativeResultsDirectory="44d048a5-11e2-483b-9c9e-05210a2e171b" />
    <UnitTestResult executionId="e41870c7-272a-4adb-a2df-e2672991e879" testId="9a2b29d6-274a-5832-c048-d97b2edcca37" testName="HospitalityPlatform.Api.Tests.IntegrationTests.JobApplication_VerifiedEmail_Returns201" computerName="GABRIEL" duration="00:00:00.0912563" startTime="2026-03-05T17:32:17.5651352+00:00" endTime="2026-03-05T17:32:17.5651353+00:00" testType="13cdc9d9-ddb5-4fa4-a97d-d965ccfc6d4b" outcome="Passed" testListId="8c84fa94-04c1-424b-9868-57a2d4851a1d" relativeResultsDirectory="e41870c7-272a-4adb-a2df-e2672991e879" />
    <UnitTestResult executionId="3f3fdcb5-55be-46dd-9ce1-93b7655ce666" testId="fd57b1bd-0235-5471-b78b-6aa562f228cc" testName="HospitalityPlatform.Api.Tests.AdminServiceTests.GetUsersAsync_ReturnsPagedUsers" computerName="GABRIEL" duration="00:00:00.0059893" startTime="2026-03-05T17:32:16.7435226+00:00" endTime="2026-03-05T17:32:16.7435227+00:00" testType="13cdc9d9-ddb5-4fa4-a97d-d965ccfc6d4b" outcome="Passed" testListId="8c84fa94-04c1-424b-9868-57a2d4851a1d" relativeResultsDirectory="3f3fdcb5-55be-46dd-9ce1-93b7655ce666" />
    <UnitTestResult executionId="c64c1e70-8866-4828-88db-d842149a2cd2" testId="f636e3ce-467b-4436-54c7-0b6742c68076" testName="HospitalityPlatform.Api.Tests.AdminServiceTests.SuspendUserAsync_ThrowsException_WhenUserNotFound" computerName="GABRIEL" duration="00:00:00.0012205" startTime="2026-03-05T17:32:16.7628244+00:00" endTime="2026-03-05T17:32:16.7628246+00:00" testType="13cdc9d9-ddb5-4fa4-a97d-d965ccfc6d4b" outcome="Passed" testListId="8c84fa94-04c1-424b-9868-57a2d4851a1d" relativeResultsDirectory="c64c1e70-8866-4828-88db-d842149a2cd2" />
    <UnitTestResult executionId="ac695811-00c9-40ba-9c53-25de0e4bdc86" testId="1a0960a4-613d-1cba-c83f-765bf3d21fb6" testName="HospitalityPlatform.Api.Tests.AdminServiceTests.GetAuditLogsByUserAsync_ReturnsLogsMatchingUser" computerName="GABRIEL" duration="00:00:00.0071519" startTime="2026-03-05T17:32:16.7728671+00:00" endTime="2026-03-05T17:32:16.7728672+00:00" testType="13cdc9d9-ddb5-4fa4-a97d-d965ccfc6d4b" outcome="Passed" testListId="8c84fa94-04c1-424b-9868-57a2d4851a1d" relativeResultsDirectory="ac695811-00c9-40ba-9c53-25de0e4bdc86" />
    <UnitTestResult executionId="4e39f378-6343-4744-bdb5-659adee195ad" testId="ed8cb8bb-30e3-471e-f425-d6a3eb5ce7d0" testName="HospitalityPlatform.Api.Tests.IntegrationTests.JobApplication_UnverifiedEmail_Returns403" computerName="GABRIEL" duration="00:00:00.0581452" startTime="2026-03-05T17:32:18.0592750+00:00" endTime="2026-03-05T17:32:18.0592751+00:00" testType="13cdc9d9-ddb5-4fa4-a97d-d965ccfc6d4b" outcome="Passed" testListId="8c84fa94-04c1-424b-9868-57a2d4851a1d" relativeResultsDirectory="4e39f378-6343-4744-bdb5-659adee195ad" />
    <UnitTestResult executionId="997b9919-b0be-41a6-bbb6-f45865ee9f88" testId="ecb9465a-a598-9baf-c4b1-bfb91a3b52fa" testName="HospitalityPlatform.Api.Tests.IntegrationTests.WaitlistJoin_RateLimitExceeded_Returns429" computerName="GABRIEL" duration="00:00:00.0863942" startTime="2026-03-05T17:32:17.3533071+00:00" endTime="2026-03-05T17:32:17.3533071+00:00" testType="13cdc9d9-ddb5-4fa4-a97d-d965ccfc6d4b" outcome="Passed" testListId="8c84fa94-04c1-424b-9868-57a2d4851a1d" relativeResultsDirectory="997b9919-b0be-41a6-bbb6-f45865ee9f88" />
    <UnitTestResult executionId="4f60599c-7711-471d-b7a2-bceb7a4f7cd4" testId="08c2dce3-4477-60f1-3338-353916e39f7f" testName="HospitalityPlatform.Api.Tests.BillingServiceTests.ProcessWebhook_SubscriptionDeleted_CancelsSubscription" computerName="GABRIEL" duration="00:00:00.0017335" startTime="2026-03-05T17:32:16.2603068+00:00" endTime="2026-03-05T17:32:16.2603068+00:00" testType="13cdc9d9-ddb5-4fa4-a97d-d965ccfc6d4b" outcome="Passed" testListId="8c84fa94-04c1-424b-9868-57a2d4851a1d" relativeResultsDirectory="4f60599c-7711-471d-b7a2-bceb7a4f7cd4" />
    <UnitTestResult executionId="d97ca29a-75aa-4635-ad89-552da66fbdc4" testId="28b2ed7c-ebe0-e41e-5581-2bf09e2d91ce" testName="HospitalityPlatform.Api.Tests.PipelineIntegrationTests.MoveToHired_MissingConfirmation_Returns400BadRequest" computerName="GABRIEL" duration="00:00:00.0031867" startTime="2026-03-05T17:32:16.7139200+00:00" endTime="2026-03-05T17:32:16.7139201+00:00" testType="13cdc9d9-ddb5-4fa4-a97d-d965ccfc6d4b" outcome="Passed" testListId="8c84fa94-04c1-424b-9868-57a2d4851a1d" relativeResultsDirectory="d97ca29a-75aa-4635-ad89-552da66fbdc4" />
    <UnitTestResult executionId="9560e1aa-a732-49a9-a8d7-3dcb8d9df8ab" testId="e52afef0-4f98-0f46-5bc7-87cd14a6f309" testName="HospitalityPlatform.Api.Tests.AdminServiceTests.SuspendOrganizationAsync_SetIsActiveFalse_AndLogsAudit" computerName="GABRIEL" duration="00:00:00.0040733" startTime="2026-03-05T17:32:16.7476751+00:00" endTime="2026-03-05T17:32:16.7476752+00:00" testType="13cdc9d9-ddb5-4fa4-a97d-d965ccfc6d4b" outcome="Passed" testListId="8c84fa94-04c1-424b-9868-57a2d4851a1d" relativeResultsDirectory="9560e1aa-a732-49a9-a8d7-3dcb8d9df8ab" />
    <UnitTestResult executionId="733f089a-0eba-49c3-a15f-8b227c68643a" testId="56608ba7-ed36-463b-1e28-86aa74b75b7f" testName="HospitalityPlatform.Api.Tests.AdminServiceTests.GetPlatformMetricsAsync_ReturnsValidMetrics" computerName="GABRIEL" duration="00:00:00.0211428" startTime="2026-03-05T17:32:16.7374604+00:00" endTime="2026-03-05T17:32:16.7374605+00:00" testType="13cdc9d9-ddb5-4fa4-a97d-d965ccfc6d4b" outcome="Passed" testListId="8c84fa94-04c1-424b-9868-57a2d4851a1d" relativeResultsDirectory="733f089a-0eba-49c3-a15f-8b227c68643a" />
    <UnitTestResult executionId="6e7c40b4-ddc1-4d1b-b691-bdb2e70d240d" testId="1f16aaa5-aa12-d569-ae10-6e07ab5b54b5" testName="HospitalityPlatform.Api.Tests.UserRatingsServiceTests.CreateRating_InvalidScore_ThrowsArgumentException" computerName="GABRIEL" duration="00:00:00.0003133" startTime="2026-03-05T17:32:16.2441367+00:00" endTime="2026-03-05T17:32:16.2441368+00:00" testType="13cdc9d9-ddb5-4fa4-a97d-d965ccfc6d4b" outcome="Passed" testListId="8c84fa94-04c1-424b-9868-57a2d4851a1d" relativeResultsDirectory="6e7c40b4-ddc1-4d1b-b691-bdb2e70d240d" />
    <UnitTestResult executionId="9aba9834-d386-4147-9ae2-1386e68e186a" testId="4f650376-6628-46eb-5cf5-f4cdeed4fd01" testName="HospitalityPlatform.Api.Tests.UserRatingsServiceTests.CreateRating_SelfRating_ThrowsArgumentException" computerName="GABRIEL" duration="00:00:00.0261079" startTime="2026-03-05T17:32:16.2150959+00:00" endTime="2026-03-05T17:32:16.2151047+00:00" testType="13cdc9d9-ddb5-4fa4-a97d-d965ccfc6d4b" outcome="Passed" testListId="8c84fa94-04c1-424b-9868-57a2d4851a1d" relativeResultsDirectory="9aba9834-d386-4147-9ae2-1386e68e186a" />
    <UnitTestResult executionId="d6b0de9d-e7e4-4814-ae0a-3763f29516b4" testId="12266031-0c92-a09f-4139-d31981741f76" testName="HospitalityPlatform.Api.Tests.IntegrationTests.AdminEndpoint_AdminUser_Returns200" computerName="GABRIEL" duration="00:00:00.0478386" startTime="2026-03-05T17:32:18.4096765+00:00" endTime="2026-03-05T17:32:18.4096766+00:00" testType="13cdc9d9-ddb5-4fa4-a97d-d965ccfc6d4b" outcome="Passed" testListId="8c84fa94-04c1-424b-9868-57a2d4851a1d" relativeResultsDirectory="d6b0de9d-e7e4-4814-ae0a-3763f29516b4" />
    <UnitTestResult executionId="629f09c1-127f-4d07-9358-ab15eeb2ad5d" testId="d9903d2e-c49b-937b-3a25-2d8f9aac81b7" testName="HospitalityPlatform.Api.Tests.UserRatingsServiceTests.GetAverageRating_ReturnsCorrectAverage" computerName="GABRIEL" duration="00:00:00.0027582" startTime="2026-03-05T17:32:16.2601948+00:00" endTime="2026-03-05T17:32:16.2601949+00:00" testType="13cdc9d9-ddb5-4fa4-a97d-d965ccfc6d4b" outcome="Passed" testListId="8c84fa94-04c1-424b-9868-57a2d4851a1d" relativeResultsDirectory="629f09c1-127f-4d07-9358-ab15eeb2ad5d" />
  </Results>
  <TestDefinitions>
    <UnitTest name="HospitalityPlatform.Api.Tests.BillingServiceTests.ProcessWebhook_SubscriptionDeleted_CancelsSubscription" storage="c:\users\gaby8\documents\github\job-platform\backend\src\hospitalityplatform.api.tests\bin\debug\net8.0\hospitalityplatform.api.tests.dll" id="08c2dce3-4477-60f1-3338-353916e39f7f">
      <Execution id="4f60599c-7711-471d-b7a2-bceb7a4f7cd4" />
      <TestMethod codeBase="C:\Users\gaby8\Documents\GitHub\Job-Platform\backend\src\HospitalityPlatform.Api.Tests\bin\Debug\net8.0\HospitalityPlatform.Api.Tests.dll" adapterTypeName="executor://xunit/VsTestRunner2/netcoreapp" className="HospitalityPlatform.Api.Tests.BillingServiceTests" name="ProcessWebhook_SubscriptionDeleted_CancelsSubscription" />
    </UnitTest>
    <UnitTest name="HospitalityPlatform.Api.Tests.UserRatingsServiceTests.CreateRating_SelfRating_ThrowsArgumentException" storage="c:\users\gaby8\documents\github\job-platform\backend\src\hospitalityplatform.api.tests\bin\debug\net8.0\hospitalityplatform.api.tests.dll" id="4f650376-6628-46eb-5cf5-f4cdeed4fd01">
      <Execution id="9aba9834-d386-4147-9ae2-1386e68e186a" />
      <TestMethod codeBase="C:\Users\gaby8\Documents\GitHub\Job-Platform\backend\src\HospitalityPlatform.Api.Tests\bin\Debug\net8.0\HospitalityPlatform.Api.Tests.dll" adapterTypeName="executor://xunit/VsTestRunner2/netcoreapp" className="HospitalityPlatform.Api.Tests.UserRatingsServiceTests" name="CreateRating_SelfRating_ThrowsArgumentException" />
    </UnitTest>
    <UnitTest name="HospitalityPlatform.Api.Tests.PipelineIntegrationTests.MoveToHired_MissingConfirmation_Returns400BadRequest" storage="c:\users\gaby8\documents\github\job-platform\backend\src\hospitalityplatform.api.tests\bin\debug\net8.0\hospitalityplatform.api.tests.dll" id="28b2ed7c-ebe0-e41e-5581-2bf09e2d91ce">
      <Execution id="d97ca29a-75aa-4635-ad89-552da66fbdc4" />
      <TestMethod codeBase="C:\Users\gaby8\Documents\GitHub\Job-Platform\backend\src\HospitalityPlatform.Api.Tests\bin\Debug\net8.0\HospitalityPlatform.Api.Tests.dll" adapterTypeName="executor://xunit/VsTestRunner2/netcoreapp" className="HospitalityPlatform.Api.Tests.PipelineIntegrationTests" name="MoveToHired_MissingConfirmation_Returns400BadRequest" />
    </UnitTest>
    <UnitTest name="HospitalityPlatform.Api.Tests.IntegrationTests.JobApplication_VerifiedEmail_Returns201" storage="c:\users\gaby8\documents\github\job-platform\backend\src\hospitalityplatform.api.tests\bin\debug\net8.0\hospitalityplatform.api.tests.dll" id="9a2b29d6-274a-5832-c048-d97b2edcca37">
      <Execution id="e41870c7-272a-4adb-a2df-e2672991e879" />
      <TestMethod codeBase="C:\Users\gaby8\Documents\GitHub\Job-Platform\backend\src\HospitalityPlatform.Api.Tests\bin\Debug\net8.0\HospitalityPlatform.Api.Tests.dll" adapterTypeName="executor://xunit/VsTestRunner2/netcoreapp" className="HospitalityPlatform.Api.Tests.IntegrationTests" name="JobApplication_VerifiedEmail_Returns201" />
    </UnitTest>
    <UnitTest name="HospitalityPlatform.Api.Tests.AdminServiceTests.GetUserAsync_ReturnsNull_WhenNotFound" storage="c:\users\gaby8\documents\github\job-platform\backend\src\hospitalityplatform.api.tests\bin\debug\net8.0\hospitalityplatform.api.tests.dll" id="63356e43-3ed4-d214-dc42-82db50983dfa">
      <Execution id="9767d843-956b-40ea-bd3e-033f9d9375ec" />
      <TestMethod codeBase="C:\Users\gaby8\Documents\GitHub\Job-Platform\backend\src\HospitalityPlatform.Api.Tests\bin\Debug\net8.0\HospitalityPlatform.Api.Tests.dll" adapterTypeName="executor://xunit/VsTestRunner2/netcoreapp" className="HospitalityPlatform.Api.Tests.AdminServiceTests" name="GetUserAsync_ReturnsNull_WhenNotFound" />
    </UnitTest>
    <UnitTest name="HospitalityPlatform.Api.Tests.AdminServiceTests.SuspendOrganizationAsync_SetIsActiveFalse_AndLogsAudit" storage="c:\users\gaby8\documents\github\job-platform\backend\src\hospitalityplatform.api.tests\bin\debug\net8.0\hospitalityplatform.api.tests.dll" id="e52afef0-4f98-0f46-5bc7-87cd14a6f309">
      <Execution id="9560e1aa-a732-49a9-a8d7-3dcb8d9df8ab" />
      <TestMethod codeBase="C:\Users\gaby8\Documents\GitHub\Job-Platform\backend\src\HospitalityPlatform.Api.Tests\bin\Debug\net8.0\HospitalityPlatform.Api.Tests.dll" adapterTypeName="executor://xunit/VsTestRunner2/netcoreapp" className="HospitalityPlatform.Api.Tests.AdminServiceTests" name="SuspendOrganizationAsync_SetIsActiveFalse_AndLogsAudit" />
    </UnitTest>
    <UnitTest name="HospitalityPlatform.Api.Tests.UserRatingsServiceTests.CreateRating_ValidInput_AddRatingAndSaves" storage="c:\users\gaby8\documents\github\job-platform\backend\src\hospitalityplatform.api.tests\bin\debug\net8.0\hospitalityplatform.api.tests.dll" id="ff6483fd-13ff-855e-2718-de994920a223">
      <Execution id="8a17fe73-d113-4892-a5cd-9ec27fa9653f" />
      <TestMethod codeBase="C:\Users\gaby8\Documents\GitHub\Job-Platform\backend\src\HospitalityPlatform.Api.Tests\bin\Debug\net8.0\HospitalityPlatform.Api.Tests.dll" adapterTypeName="executor://xunit/VsTestRunner2/netcoreapp" className="HospitalityPlatform.Api.Tests.UserRatingsServiceTests" name="CreateRating_ValidInput_AddRatingAndSaves" />
    </UnitTest>
    <UnitTest name="HospitalityPlatform.Api.Tests.IntegrationTests.AdminEndpoint_NonAdminUser_Returns403" storage="c:\users\gaby8\documents\github\job-platform\backend\src\hospitalityplatform.api.tests\bin\debug\net8.0\hospitalityplatform.api.tests.dll" id="28e641b6-78ba-2278-8c00-95672660e909">
      <Execution id="84d814a1-2792-44c5-b7d5-d0117b7d7473" />
      <TestMethod codeBase="C:\Users\gaby8\Documents\GitHub\Job-Platform\backend\src\HospitalityPlatform.Api.Tests\bin\Debug\net8.0\HospitalityPlatform.Api.Tests.dll" adapterTypeName="executor://xunit/VsTestRunner2/netcoreapp" className="HospitalityPlatform.Api.Tests.IntegrationTests" name="AdminEndpoint_NonAdminUser_Returns403" />
    </UnitTest>
    <UnitTest name="HospitalityPlatform.Api.Tests.AdminServiceTests.GetSubscriptionsByStatusAsync_ReturnsSubscriptions_WithMatchingStatus" storage="c:\users\gaby8\documents\github\job-platform\backend\src\hospitalityplatform.api.tests\bin\debug\net8.0\hospitalityplatform.api.tests.dll" id="866effb9-d0b9-aa07-f24a-19a577f0f8ce">
      <Execution id="b23a220e-2650-4934-b1f9-43a1ace57ef8" />
      <TestMethod codeBase="C:\Users\gaby8\Documents\GitHub\Job-Platform\backend\src\HospitalityPlatform.Api.Tests\bin\Debug\net8.0\HospitalityPlatform.Api.Tests.dll" adapterTypeName="executor://xunit/VsTestRunner2/netcoreapp" className="HospitalityPlatform.Api.Tests.AdminServiceTests" name="GetSubscriptionsByStatusAsync_ReturnsSubscriptions_WithMatchingStatus" />
    </UnitTest>
    <UnitTest name="HospitalityPlatform.Api.Tests.IntegrationTests.Messaging_UnsubscribedUser_Returns403" storage="c:\users\gaby8\documents\github\job-platform\backend\src\hospitalityplatform.api.tests\bin\debug\net8.0\hospitalityplatform.api.tests.dll" id="9e57c3ea-7782-4fb9-fbeb-7dd87a3bac71">
      <Execution id="7e947f7e-dc10-49bd-b0d4-beefde25c5d5" />
      <TestMethod codeBase="C:\Users\gaby8\Documents\GitHub\Job-Platform\backend\src\HospitalityPlatform.Api.Tests\bin\Debug\net8.0\HospitalityPlatform.Api.Tests.dll" adapterTypeName="executor://xunit/VsTestRunner2/netcoreapp" className="HospitalityPlatform.Api.Tests.IntegrationTests" name="Messaging_UnsubscribedUser_Returns403" />
    </UnitTest>
    <UnitTest name="HospitalityPlatform.Api.Tests.AdminServiceTests.GetUsersAsync_ReturnsPagedUsers" storage="c:\users\gaby8\documents\github\job-platform\backend\src\hospitalityplatform.api.tests\bin\debug\net8.0\hospitalityplatform.api.tests.dll" id="fd57b1bd-0235-5471-b78b-6aa562f228cc">
      <Execution id="3f3fdcb5-55be-46dd-9ce1-93b7655ce666" />
      <TestMethod codeBase="C:\Users\gaby8\Documents\GitHub\Job-Platform\backend\src\HospitalityPlatform.Api.Tests\bin\Debug\net8.0\HospitalityPlatform.Api.Tests.dll" adapterTypeName="executor://xunit/VsTestRunner2/netcoreapp" className="HospitalityPlatform.Api.Tests.AdminServiceTests" name="GetUsersAsync_ReturnsPagedUsers" />
    </UnitTest>
    <UnitTest name="HospitalityPlatform.Api.Tests.AdminServiceTests.GetAuditLogsAsync_ReturnsPagedAuditLogs" storage="c:\users\gaby8\documents\github\job-platform\backend\src\hospitalityplatform.api.tests\bin\debug\net8.0\hospitalityplatform.api.tests.dll" id="71c180cf-c302-8d55-3c27-3cc051927268">
      <Execution id="872d82ed-78c2-44b2-96e7-abcb151640a5" />
      <TestMethod codeBase="C:\Users\gaby8\Documents\GitHub\Job-Platform\backend\src\HospitalityPlatform.Api.Tests\bin\Debug\net8.0\HospitalityPlatform.Api.Tests.dll" adapterTypeName="executor://xunit/VsTestRunner2/netcoreapp" className="HospitalityPlatform.Api.Tests.AdminServiceTests" name="GetAuditLogsAsync_ReturnsPagedAuditLogs" />
    </UnitTest>
    <UnitTest name="HospitalityPlatform.Api.Tests.BillingServiceTests.ProcessWebhook_DuplicateEvent_ReturnsFalse" storage="c:\users\gaby8\documents\github\job-platform\backend\src\hospitalityplatform.api.tests\bin\debug\net8.0\hospitalityplatform.api.tests.dll" id="766610ba-3864-dc00-8282-095af169f4e5">
      <Execution id="8974404c-38ba-423e-b55f-e05a3fdb6094" />
      <TestMethod codeBase="C:\Users\gaby8\Documents\GitHub\Job-Platform\backend\src\HospitalityPlatform.Api.Tests\bin\Debug\net8.0\HospitalityPlatform.Api.Tests.dll" adapterTypeName="executor://xunit/VsTestRunner2/netcoreapp" className="HospitalityPlatform.Api.Tests.BillingServiceTests" name="ProcessWebhook_DuplicateEvent_ReturnsFalse" />
    </UnitTest>
    <UnitTest name="HospitalityPlatform.Api.Tests.UserRatingsServiceTests.GetAverageRating_NoRatings_ReturnsZero" storage="c:\users\gaby8\documents\github\job-platform\backend\src\hospitalityplatform.api.tests\bin\debug\net8.0\hospitalityplatform.api.tests.dll" id="e52846b2-cdf5-ab34-7620-34bf3ca60f73">
      <Execution id="ee9e2eae-3609-466f-a72e-e0d2d8fa0d3c" />
      <TestMethod codeBase="C:\Users\gaby8\Documents\GitHub\Job-Platform\backend\src\HospitalityPlatform.Api.Tests\bin\Debug\net8.0\HospitalityPlatform.Api.Tests.dll" adapterTypeName="executor://xunit/VsTestRunner2/netcoreapp" className="HospitalityPlatform.Api.Tests.UserRatingsServiceTests" name="GetAverageRating_NoRatings_ReturnsZero" />
    </UnitTest>
    <UnitTest name="HospitalityPlatform.Api.Tests.IntegrationTests.JobApplication_UnverifiedEmail_Returns403" storage="c:\users\gaby8\documents\github\job-platform\backend\src\hospitalityplatform.api.tests\bin\debug\net8.0\hospitalityplatform.api.tests.dll" id="ed8cb8bb-30e3-471e-f425-d6a3eb5ce7d0">
      <Execution id="4e39f378-6343-4744-bdb5-659adee195ad" />
      <TestMethod codeBase="C:\Users\gaby8\Documents\GitHub\Job-Platform\backend\src\HospitalityPlatform.Api.Tests\bin\Debug\net8.0\HospitalityPlatform.Api.Tests.dll" adapterTypeName="executor://xunit/VsTestRunner2/netcoreapp" className="HospitalityPlatform.Api.Tests.IntegrationTests" name="JobApplication_UnverifiedEmail_Returns403" />
    </UnitTest>
    <UnitTest name="HospitalityPlatform.Api.Tests.AdminServiceTests.GetAuditLogsByActionAsync_ReturnsLogsMatchingAction" storage="c:\users\gaby8\documents\github\job-platform\backend\src\hospitalityplatform.api.tests\bin\debug\net8.0\hospitalityplatform.api.tests.dll" id="566d6ccd-7f40-d5ee-8458-ecaa96406db1">
      <Execution id="e82a1c2c-a247-4fa5-8ed9-a83cbbe3624d" />
      <TestMethod codeBase="C:\Users\gaby8\Documents\GitHub\Job-Platform\backend\src\HospitalityPlatform.Api.Tests\bin\Debug\net8.0\HospitalityPlatform.Api.Tests.dll" adapterTypeName="executor://xunit/VsTestRunner2/netcoreapp" className="HospitalityPlatform.Api.Tests.AdminServiceTests" name="GetAuditLogsByActionAsync_ReturnsLogsMatchingAction" />
    </UnitTest>
    <UnitTest name="HospitalityPlatform.Api.Tests.AdminServiceTests.UnsuspendUserAsync_SetIsActiveTrue_AndLogsAudit" storage="c:\users\gaby8\documents\github\job-platform\backend\src\hospitalityplatform.api.tests\bin\debug\net8.0\hospitalityplatform.api.tests.dll" id="9afcbb2e-fc42-559b-1b2b-0257c6ccacf1">
      <Execution id="6ca1d5e6-0589-4e5a-b709-db5eb5ccbb07" />
      <TestMethod codeBase="C:\Users\gaby8\Documents\GitHub\Job-Platform\backend\src\HospitalityPlatform.Api.Tests\bin\Debug\net8.0\HospitalityPlatform.Api.Tests.dll" adapterTypeName="executor://xunit/VsTestRunner2/netcoreapp" className="HospitalityPlatform.Api.Tests.AdminServiceTests" name="UnsuspendUserAsync_SetIsActiveTrue_AndLogsAudit" />
    </UnitTest>
    <UnitTest name="HospitalityPlatform.Api.Tests.IntegrationTests.WaitlistJoin_RateLimitExceeded_Returns429" storage="c:\users\gaby8\documents\github\job-platform\backend\src\hospitalityplatform.api.tests\bin\debug\net8.0\hospitalityplatform.api.tests.dll" id="ecb9465a-a598-9baf-c4b1-bfb91a3b52fa">
      <Execution id="997b9919-b0be-41a6-bbb6-f45865ee9f88" />
      <TestMethod codeBase="C:\Users\gaby8\Documents\GitHub\Job-Platform\backend\src\HospitalityPlatform.Api.Tests\bin\Debug\net8.0\HospitalityPlatform.Api.Tests.dll" adapterTypeName="executor://xunit/VsTestRunner2/netcoreapp" className="HospitalityPlatform.Api.Tests.IntegrationTests" name="WaitlistJoin_RateLimitExceeded_Returns429" />
    </UnitTest>
    <UnitTest name="HospitalityPlatform.Api.Tests.BillingServiceTests.ProcessWebhook_SubscriptionUpdated_UpdatesStatus" storage="c:\users\gaby8\documents\github\job-platform\backend\src\hospitalityplatform.api.tests\bin\debug\net8.0\hospitalityplatform.api.tests.dll" id="48598664-693a-14b9-595c-9dabc90f71d5">
      <Execution id="2f559593-8b3d-4386-be77-ce71ba54759f" />
      <TestMethod codeBase="C:\Users\gaby8\Documents\GitHub\Job-Platform\backend\src\HospitalityPlatform.Api.Tests\bin\Debug\net8.0\HospitalityPlatform.Api.Tests.dll" adapterTypeName="executor://xunit/VsTestRunner2/netcoreapp" className="HospitalityPlatform.Api.Tests.BillingServiceTests" name="ProcessWebhook_SubscriptionUpdated_UpdatesStatus" />
    </UnitTest>
    <UnitTest name="HospitalityPlatform.Api.Tests.UserRatingsServiceTests.CreateRating_InvalidScore_ThrowsArgumentException" storage="c:\users\gaby8\documents\github\job-platform\backend\src\hospitalityplatform.api.tests\bin\debug\net8.0\hospitalityplatform.api.tests.dll" id="1f16aaa5-aa12-d569-ae10-6e07ab5b54b5">
      <Execution id="6e7c40b4-ddc1-4d1b-b691-bdb2e70d240d" />
      <TestMethod codeBase="C:\Users\gaby8\Documents\GitHub\Job-Platform\backend\src\HospitalityPlatform.Api.Tests\bin\Debug\net8.0\HospitalityPlatform.Api.Tests.dll" adapterTypeName="executor://xunit/VsTestRunner2/netcoreapp" className="HospitalityPlatform.Api.Tests.UserRatingsServiceTests" name="CreateRating_InvalidScore_ThrowsArgumentException" />
    </UnitTest>
    <UnitTest name="HospitalityPlatform.Api.Tests.IntegrationTests.ProtectedEndpoint_NoToken_Returns401" storage="c:\users\gaby8\documents\github\job-platform\backend\src\hospitalityplatform.api.tests\bin\debug\net8.0\hospitalityplatform.api.tests.dll" id="b9a2314f-3890-f942-39ec-6a986c4de72b">
      <Execution id="d8de3f3e-c044-4620-bf9e-c60e0fdd0f3b" />
      <TestMethod codeBase="C:\Users\gaby8\Documents\GitHub\Job-Platform\backend\src\HospitalityPlatform.Api.Tests\bin\Debug\net8.0\HospitalityPlatform.Api.Tests.dll" adapterTypeName="executor://xunit/VsTestRunner2/netcoreapp" className="HospitalityPlatform.Api.Tests.IntegrationTests" name="ProtectedEndpoint_NoToken_Returns401" />
    </UnitTest>
    <UnitTest name="HospitalityPlatform.Api.Tests.IntegrationTests.AdminEndpoint_AdminUser_Returns200" storage="c:\users\gaby8\documents\github\job-platform\backend\src\hospitalityplatform.api.tests\bin\debug\net8.0\hospitalityplatform.api.tests.dll" id="12266031-0c92-a09f-4139-d31981741f76">
      <Execution id="d6b0de9d-e7e4-4814-ae0a-3763f29516b4" />
      <TestMethod codeBase="C:\Users\gaby8\Documents\GitHub\Job-Platform\backend\src\HospitalityPlatform.Api.Tests\bin\Debug\net8.0\HospitalityPlatform.Api.Tests.dll" adapterTypeName="executor://xunit/VsTestRunner2/netcoreapp" className="HospitalityPlatform.Api.Tests.IntegrationTests" name="AdminEndpoint_AdminUser_Returns200" />
    </UnitTest>
    <UnitTest name="HospitalityPlatform.Api.Tests.IntegrationTests.Messaging_UnverifiedUser_Returns403" storage="c:\users\gaby8\documents\github\job-platform\backend\src\hospitalityplatform.api.tests\bin\debug\net8.0\hospitalityplatform.api.tests.dll" id="1c74943e-a0d9-8204-a181-a14779af56e7">
      <Execution id="d1380a2d-70eb-4c0f-bfaa-b8da49c65dd3" />
      <TestMethod codeBase="C:\Users\gaby8\Documents\GitHub\Job-Platform\backend\src\HospitalityPlatform.Api.Tests\bin\Debug\net8.0\HospitalityPlatform.Api.Tests.dll" adapterTypeName="executor://xunit/VsTestRunner2/netcoreapp" className="HospitalityPlatform.Api.Tests.IntegrationTests" name="Messaging_UnverifiedUser_Returns403" />
    </UnitTest>
    <UnitTest name="HospitalityPlatform.Api.Tests.AdminServiceTests.GetPlatformMetricsAsync_ReturnsValidMetrics" storage="c:\users\gaby8\documents\github\job-platform\backend\src\hospitalityplatform.api.tests\bin\debug\net8.0\hospitalityplatform.api.tests.dll" id="56608ba7-ed36-463b-1e28-86aa74b75b7f">
      <Execution id="733f089a-0eba-49c3-a15f-8b227c68643a" />
      <TestMethod codeBase="C:\Users\gaby8\Documents\GitHub\Job-Platform\backend\src\HospitalityPlatform.Api.Tests\bin\Debug\net8.0\HospitalityPlatform.Api.Tests.dll" adapterTypeName="executor://xunit/VsTestRunner2/netcoreapp" className="HospitalityPlatform.Api.Tests.AdminServiceTests" name="GetPlatformMetricsAsync_ReturnsValidMetrics" />
    </UnitTest>
    <UnitTest name="HospitalityPlatform.Api.Tests.IntegrationTests.ProtectedEndpoint_InvalidToken_Returns401" storage="c:\users\gaby8\documents\github\job-platform\backend\src\hospitalityplatform.api.tests\bin\debug\net8.0\hospitalityplatform.api.tests.dll" id="91720449-6c81-78c5-4d16-a405d075d158">
      <Execution id="8a410ded-af35-4860-86e2-e4175f7f8163" />
      <TestMethod codeBase="C:\Users\gaby8\Documents\GitHub\Job-Platform\backend\src\HospitalityPlatform.Api.Tests\bin\Debug\net8.0\HospitalityPlatform.Api.Tests.dll" adapterTypeName="executor://xunit/VsTestRunner2/netcoreapp" className="HospitalityPlatform.Api.Tests.IntegrationTests" name="ProtectedEndpoint_InvalidToken_Returns401" />
    </UnitTest>
    <UnitTest name="HospitalityPlatform.Api.Tests.AdminServiceTests.SuspendUserAsync_SetIsActiveFalse_AndLogsAudit" storage="c:\users\gaby8\documents\github\job-platform\backend\src\hospitalityplatform.api.tests\bin\debug\net8.0\hospitalityplatform.api.tests.dll" id="a7eca8b9-1c3a-9d2a-af83-f26948f9245a">
      <Execution id="f09a4e81-7f85-44dc-a1db-f0c07f44b050" />
      <TestMethod codeBase="C:\Users\gaby8\Documents\GitHub\Job-Platform\backend\src\HospitalityPlatform.Api.Tests\bin\Debug\net8.0\HospitalityPlatform.Api.Tests.dll" adapterTypeName="executor://xunit/VsTestRunner2/netcoreapp" className="HospitalityPlatform.Api.Tests.AdminServiceTests" name="SuspendUserAsync_SetIsActiveFalse_AndLogsAudit" />
    </UnitTest>
    <UnitTest name="HospitalityPlatform.Api.Tests.AdminServiceTests.GetUserAsync_ReturnsUser_WhenFound" storage="c:\users\gaby8\documents\github\job-platform\backend\src\hospitalityplatform.api.tests\bin\debug\net8.0\hospitalityplatform.api.tests.dll" id="0044cd4b-6ff8-57aa-d27b-6ea197342ad5">
      <Execution id="244e8a62-2253-4740-86d4-a30539b15fb4" />
      <TestMethod codeBase="C:\Users\gaby8\Documents\GitHub\Job-Platform\backend\src\HospitalityPlatform.Api.Tests\bin\Debug\net8.0\HospitalityPlatform.Api.Tests.dll" adapterTypeName="executor://xunit/VsTestRunner2/netcoreapp" className="HospitalityPlatform.Api.Tests.AdminServiceTests" name="GetUserAsync_ReturnsUser_WhenFound" />
    </UnitTest>
    <UnitTest name="HospitalityPlatform.Api.Tests.AdminServiceTests.GetAuditLogsByUserAsync_ReturnsLogsMatchingUser" storage="c:\users\gaby8\documents\github\job-platform\backend\src\hospitalityplatform.api.tests\bin\debug\net8.0\hospitalityplatform.api.tests.dll" id="1a0960a4-613d-1cba-c83f-765bf3d21fb6">
      <Execution id="ac695811-00c9-40ba-9c53-25de0e4bdc86" />
      <TestMethod codeBase="C:\Users\gaby8\Documents\GitHub\Job-Platform\backend\src\HospitalityPlatform.Api.Tests\bin\Debug\net8.0\HospitalityPlatform.Api.Tests.dll" adapterTypeName="executor://xunit/VsTestRunner2/netcoreapp" className="HospitalityPlatform.Api.Tests.AdminServiceTests" name="GetAuditLogsByUserAsync_ReturnsLogsMatchingUser" />
    </UnitTest>
    <UnitTest name="HospitalityPlatform.Api.Tests.IntegrationTests.WaitlistJoin_DuplicateEmail_Returns400BadRequest" storage="c:\users\gaby8\documents\github\job-platform\backend\src\hospitalityplatform.api.tests\bin\debug\net8.0\hospitalityplatform.api.tests.dll" id="e14767cc-b6df-4d83-3a5c-26ec26c9ddfc">
      <Execution id="44d048a5-11e2-483b-9c9e-05210a2e171b" />
      <TestMethod codeBase="C:\Users\gaby8\Documents\GitHub\Job-Platform\backend\src\HospitalityPlatform.Api.Tests\bin\Debug\net8.0\HospitalityPlatform.Api.Tests.dll" adapterTypeName="executor://xunit/VsTestRunner2/netcoreapp" className="HospitalityPlatform.Api.Tests.IntegrationTests" name="WaitlistJoin_DuplicateEmail_Returns400BadRequest" />
    </UnitTest>
    <UnitTest name="HospitalityPlatform.Api.Tests.AdminServiceTests.UnsuspendOrganizationAsync_SetIsActiveTrue_AndLogsAudit" storage="c:\users\gaby8\documents\github\job-platform\backend\src\hospitalityplatform.api.tests\bin\debug\net8.0\hospitalityplatform.api.tests.dll" id="f5cd9d76-61a7-e0c8-03d6-8f7135ffe939">
      <Execution id="f42bcd8a-363e-4740-b6f6-40170156e2c9" />
      <TestMethod codeBase="C:\Users\gaby8\Documents\GitHub\Job-Platform\backend\src\HospitalityPlatform.Api.Tests\bin\Debug\net8.0\HospitalityPlatform.Api.Tests.dll" adapterTypeName="executor://xunit/VsTestRunner2/netcoreapp" className="HospitalityPlatform.Api.Tests.AdminServiceTests" name="UnsuspendOrganizationAsync_SetIsActiveTrue_AndLogsAudit" />
    </UnitTest>
    <UnitTest name="HospitalityPlatform.Api.Tests.AdminServiceTests.SuspendUserAsync_ThrowsException_WhenUserNotFound" storage="c:\users\gaby8\documents\github\job-platform\backend\src\hospitalityplatform.api.tests\bin\debug\net8.0\hospitalityplatform.api.tests.dll" id="f636e3ce-467b-4436-54c7-0b6742c68076">
      <Execution id="c64c1e70-8866-4828-88db-d842149a2cd2" />
      <TestMethod codeBase="C:\Users\gaby8\Documents\GitHub\Job-Platform\backend\src\HospitalityPlatform.Api.Tests\bin\Debug\net8.0\HospitalityPlatform.Api.Tests.dll" adapterTypeName="executor://xunit/VsTestRunner2/netcoreapp" className="HospitalityPlatform.Api.Tests.AdminServiceTests" name="SuspendUserAsync_ThrowsException_WhenUserNotFound" />
    </UnitTest>
    <UnitTest name="HospitalityPlatform.Api.Tests.UserRatingsServiceTests.GetAverageRating_ReturnsCorrectAverage" storage="c:\users\gaby8\documents\github\job-platform\backend\src\hospitalityplatform.api.tests\bin\debug\net8.0\hospitalityplatform.api.tests.dll" id="d9903d2e-c49b-937b-3a25-2d8f9aac81b7">
      <Execution id="629f09c1-127f-4d07-9358-ab15eeb2ad5d" />
      <TestMethod codeBase="C:\Users\gaby8\Documents\GitHub\Job-Platform\backend\src\HospitalityPlatform.Api.Tests\bin\Debug\net8.0\HospitalityPlatform.Api.Tests.dll" adapterTypeName="executor://xunit/VsTestRunner2/netcoreapp" className="HospitalityPlatform.Api.Tests.UserRatingsServiceTests" name="GetAverageRating_ReturnsCorrectAverage" />
    </UnitTest>
  </TestDefinitions>
  <TestEntries>
    <TestEntry testId="28e641b6-78ba-2278-8c00-95672660e909" executionId="84d814a1-2792-44c5-b7d5-d0117b7d7473" testListId="8c84fa94-04c1-424b-9868-57a2d4851a1d" />
    <TestEntry testId="f5cd9d76-61a7-e0c8-03d6-8f7135ffe939" executionId="f42bcd8a-363e-4740-b6f6-40170156e2c9" testListId="8c84fa94-04c1-424b-9868-57a2d4851a1d" />
    <TestEntry testId="866effb9-d0b9-aa07-f24a-19a577f0f8ce" executionId="b23a220e-2650-4934-b1f9-43a1ace57ef8" testListId="8c84fa94-04c1-424b-9868-57a2d4851a1d" />
    <TestEntry testId="71c180cf-c302-8d55-3c27-3cc051927268" executionId="872d82ed-78c2-44b2-96e7-abcb151640a5" testListId="8c84fa94-04c1-424b-9868-57a2d4851a1d" />
    <TestEntry testId="48598664-693a-14b9-595c-9dabc90f71d5" executionId="2f559593-8b3d-4386-be77-ce71ba54759f" testListId="8c84fa94-04c1-424b-9868-57a2d4851a1d" />
    <TestEntry testId="766610ba-3864-dc00-8282-095af169f4e5" executionId="8974404c-38ba-423e-b55f-e05a3fdb6094" testListId="8c84fa94-04c1-424b-9868-57a2d4851a1d" />
    <TestEntry testId="0044cd4b-6ff8-57aa-d27b-6ea197342ad5" executionId="244e8a62-2253-4740-86d4-a30539b15fb4" testListId="8c84fa94-04c1-424b-9868-57a2d4851a1d" />
    <TestEntry testId="9afcbb2e-fc42-559b-1b2b-0257c6ccacf1" executionId="6ca1d5e6-0589-4e5a-b709-db5eb5ccbb07" testListId="8c84fa94-04c1-424b-9868-57a2d4851a1d" />
    <TestEntry testId="e52846b2-cdf5-ab34-7620-34bf3ca60f73" executionId="ee9e2eae-3609-466f-a72e-e0d2d8fa0d3c" testListId="8c84fa94-04c1-424b-9868-57a2d4851a1d" />
    <TestEntry testId="566d6ccd-7f40-d5ee-8458-ecaa96406db1" executionId="e82a1c2c-a247-4fa5-8ed9-a83cbbe3624d" testListId="8c84fa94-04c1-424b-9868-57a2d4851a1d" />
    <TestEntry testId="b9a2314f-3890-f942-39ec-6a986c4de72b" executionId="d8de3f3e-c044-4620-bf9e-c60e0fdd0f3b" testListId="8c84fa94-04c1-424b-9868-57a2d4851a1d" />
    <TestEntry testId="ff6483fd-13ff-855e-2718-de994920a223" executionId="8a17fe73-d113-4892-a5cd-9ec27fa9653f" testListId="8c84fa94-04c1-424b-9868-57a2d4851a1d" />
    <TestEntry testId="1c74943e-a0d9-8204-a181-a14779af56e7" executionId="d1380a2d-70eb-4c0f-bfaa-b8da49c65dd3" testListId="8c84fa94-04c1-424b-9868-57a2d4851a1d" />
    <TestEntry testId="a7eca8b9-1c3a-9d2a-af83-f26948f9245a" executionId="f09a4e81-7f85-44dc-a1db-f0c07f44b050" testListId="8c84fa94-04c1-424b-9868-57a2d4851a1d" />
    <TestEntry testId="9e57c3ea-7782-4fb9-fbeb-7dd87a3bac71" executionId="7e947f7e-dc10-49bd-b0d4-beefde25c5d5" testListId="8c84fa94-04c1-424b-9868-57a2d4851a1d" />
    <TestEntry testId="91720449-6c81-78c5-4d16-a405d075d158" executionId="8a410ded-af35-4860-86e2-e4175f7f8163" testListId="8c84fa94-04c1-424b-9868-57a2d4851a1d" />
    <TestEntry testId="63356e43-3ed4-d214-dc42-82db50983dfa" executionId="9767d843-956b-40ea-bd3e-033f9d9375ec" testListId="8c84fa94-04c1-424b-9868-57a2d4851a1d" />
    <TestEntry testId="e14767cc-b6df-4d83-3a5c-26ec26c9ddfc" executionId="44d048a5-11e2-483b-9c9e-05210a2e171b" testListId="8c84fa94-04c1-424b-9868-57a2d4851a1d" />
    <TestEntry testId="9a2b29d6-274a-5832-c048-d97b2edcca37" executionId="e41870c7-272a-4adb-a2df-e2672991e879" testListId="8c84fa94-04c1-424b-9868-57a2d4851a1d" />
    <TestEntry testId="fd57b1bd-0235-5471-b78b-6aa562f228cc" executionId="3f3fdcb5-55be-46dd-9ce1-93b7655ce666" testListId="8c84fa94-04c1-424b-9868-57a2d4851a1d" />
    <TestEntry testId="f636e3ce-467b-4436-54c7-0b6742c68076" executionId="c64c1e70-8866-4828-88db-d842149a2cd2" testListId="8c84fa94-04c1-424b-9868-57a2d4851a1d" />
    <TestEntry testId="1a0960a4-613d-1cba-c83f-765bf3d21fb6" executionId="ac695811-00c9-40ba-9c53-25de0e4bdc86" testListId="8c84fa94-04c1-424b-9868-57a2d4851a1d" />
    <TestEntry testId="ed8cb8bb-30e3-471e-f425-d6a3eb5ce7d0" executionId="4e39f378-6343-4744-bdb5-659adee195ad" testListId="8c84fa94-04c1-424b-9868-57a2d4851a1d" />
    <TestEntry testId="ecb9465a-a598-9baf-c4b1-bfb91a3b52fa" executionId="997b9919-b0be-41a6-bbb6-f45865ee9f88" testListId="8c84fa94-04c1-424b-9868-57a2d4851a1d" />
    <TestEntry testId="08c2dce3-4477-60f1-3338-353916e39f7f" executionId="4f60599c-7711-471d-b7a2-bceb7a4f7cd4" testListId="8c84fa94-04c1-424b-9868-57a2d4851a1d" />
    <TestEntry testId="28b2ed7c-ebe0-e41e-5581-2bf09e2d91ce" executionId="d97ca29a-75aa-4635-ad89-552da66fbdc4" testListId="8c84fa94-04c1-424b-9868-57a2d4851a1d" />
    <TestEntry testId="e52afef0-4f98-0f46-5bc7-87cd14a6f309" executionId="9560e1aa-a732-49a9-a8d7-3dcb8d9df8ab" testListId="8c84fa94-04c1-424b-9868-57a2d4851a1d" />
    <TestEntry testId="56608ba7-ed36-463b-1e28-86aa74b75b7f" executionId="733f089a-0eba-49c3-a15f-8b227c68643a" testListId="8c84fa94-04c1-424b-9868-57a2d4851a1d" />
    <TestEntry testId="1f16aaa5-aa12-d569-ae10-6e07ab5b54b5" executionId="6e7c40b4-ddc1-4d1b-b691-bdb2e70d240d" testListId="8c84fa94-04c1-424b-9868-57a2d4851a1d" />
    <TestEntry testId="4f650376-6628-46eb-5cf5-f4cdeed4fd01" executionId="9aba9834-d386-4147-9ae2-1386e68e186a" testListId="8c84fa94-04c1-424b-9868-57a2d4851a1d" />
    <TestEntry testId="12266031-0c92-a09f-4139-d31981741f76" executionId="d6b0de9d-e7e4-4814-ae0a-3763f29516b4" testListId="8c84fa94-04c1-424b-9868-57a2d4851a1d" />
    <TestEntry testId="d9903d2e-c49b-937b-3a25-2d8f9aac81b7" executionId="629f09c1-127f-4d07-9358-ab15eeb2ad5d" testListId="8c84fa94-04c1-424b-9868-57a2d4851a1d" />
  </TestEntries>
  <TestLists>
    <TestList name="Results Not in a List" id="8c84fa94-04c1-424b-9868-57a2d4851a1d" />
    <TestList name="All Loaded Results" id="19431567-8539-422a-85d7-44ee4e166bda" />
  </TestLists>
  <ResultSummary outcome="Completed">
    <Counters total="32" executed="32" passed="32" failed="0" error="0" timeout="0" aborted="0" inconclusive="0" passedButRunAborted="0" notRunnable="0" notExecuted="0" disconnected="0" warning="0" completed="0" inProgress="0" pending="0" />
    <Output>
      <StdOut>[xUnit.net 00:00:00.00] xUnit.net VSTest Adapter v2.5.4.1+b9eacec401 (64-bit .NET 8.0.24)&#xD;
[xUnit.net 00:00:00.05]   Discovering: HospitalityPlatform.Api.Tests&#xD;
[xUnit.net 00:00:00.07]   Discovered:  HospitalityPlatform.Api.Tests&#xD;
[xUnit.net 00:00:00.07]   Starting:    HospitalityPlatform.Api.Tests&#xD;
warn: Microsoft.EntityFrameworkCore.Model.Validation[10622]&#xD;
      Entity 'Document' has a global query filter defined and is the required end of a relationship with the entity 'DocumentAccess'. This may lead to unexpected results when the required entity is filtered out. Either configure the navigation as optional, or define matching query filters for both entities in the navigation. See https://go.microsoft.com/fwlink/?linkid=2131316 for more information.&#xD;
warn: Microsoft.EntityFrameworkCore.Model.Validation[10622]&#xD;
      Entity 'Conversation' has a global query filter defined and is the required end of a relationship with the entity 'ConversationParticipant'. This may lead to unexpected results when the required entity is filtered out. Either configure the navigation as optional, or define matching query filters for both entities in the navigation. See https://go.microsoft.com/fwlink/?linkid=2131316 for more information.&#xD;
info: HospitalityPlatform.Waitlist.Services.WaitlistService[0]&#xD;
      Waitlist entry created: rate0_0f4b0942-f345-444e-8691-adac9c7e9ce4@test.com (Business) - Sequence: 1, Incentive: TwelveMonthsFree&#xD;
info: HospitalityPlatform.Api.Controllers.WaitlistController[0]&#xD;
      Waitlist entry created: rate0_0f4b0942-f345-444e-8691-adac9c7e9ce4@test.com (Business)&#xD;
info: HospitalityPlatform.Waitlist.Services.WaitlistService[0]&#xD;
      Waitlist entry created: rate1_c3e5c990-07c4-4ca8-92f6-236a81e78177@test.com (Business) - Sequence: 2, Incentive: TwelveMonthsFree&#xD;
info: HospitalityPlatform.Api.Controllers.WaitlistController[0]&#xD;
      Waitlist entry created: rate1_c3e5c990-07c4-4ca8-92f6-236a81e78177@test.com (Business)&#xD;
info: HospitalityPlatform.Waitlist.Services.WaitlistService[0]&#xD;
      Waitlist entry created: rate2_dca7529b-74bc-4e13-ad1c-f435616ea5a1@test.com (Business) - Sequence: 3, Incentive: TwelveMonthsFree&#xD;
info: HospitalityPlatform.Api.Controllers.WaitlistController[0]&#xD;
      Waitlist entry created: rate2_dca7529b-74bc-4e13-ad1c-f435616ea5a1@test.com (Business)&#xD;
info: HospitalityPlatform.Waitlist.Services.WaitlistService[0]&#xD;
      Waitlist entry created: rate3_f0c8755f-5c55-4ab2-b0fd-55caf42ef3a7@test.com (Business) - Sequence: 4, Incentive: TwelveMonthsFree&#xD;
info: HospitalityPlatform.Api.Controllers.WaitlistController[0]&#xD;
      Waitlist entry created: rate3_f0c8755f-5c55-4ab2-b0fd-55caf42ef3a7@test.com (Business)&#xD;
info: HospitalityPlatform.Waitlist.Services.WaitlistService[0]&#xD;
      Waitlist entry created: rate4_6cd23716-90a2-47f4-8a4f-cf91ec08f904@test.com (Business) - Sequence: 5, Incentive: TwelveMonthsFree&#xD;
info: HospitalityPlatform.Api.Controllers.WaitlistController[0]&#xD;
      Waitlist entry created: rate4_6cd23716-90a2-47f4-8a4f-cf91ec08f904@test.com (Business)&#xD;
warn: HospitalityPlatform.Api.Controllers.WaitlistController[0]&#xD;
      Rate limit exceeded for IP: unknown&#xD;
info: HospitalityPlatform.Applications.Services.ApplicationService[0]&#xD;
      Candidate 9ff75928-332f-4f32-9234-c2b6622b0d2f applied to job 00000000-0000-0000-0000-000000000001&#xD;
info: HospitalityPlatform.Waitlist.Services.WaitlistService[0]&#xD;
      Waitlist entry created: candidate@test.com (Business) - Sequence: 1, Incentive: TwelveMonthsFree&#xD;
info: HospitalityPlatform.Api.Controllers.WaitlistController[0]&#xD;
      Waitlist entry created: candidate@test.com (Business)&#xD;
warn: HospitalityPlatform.Api.Controllers.WaitlistController[0]&#xD;
      Validation error&#xD;
      System.InvalidOperationException: Email already on waitlist&#xD;
         at HospitalityPlatform.Waitlist.Services.WaitlistService.CreateWaitlistEntryAsync(CreateWaitlistEntryDto dto) in C:\Users\gaby8\Documents\GitHub\Job-Platform\backend\src\HospitalityPlatform.Waitlist\Services\WaitlistService.cs:line 48&#xD;
         at HospitalityPlatform.Api.Controllers.WaitlistController.CreateWaitlistEntry(CreateWaitlistEntryDto dto) in C:\Users\gaby8\Documents\GitHub\Job-Platform\backend\src\HospitalityPlatform.Api\Controllers\WaitlistController.cs:line 61&#xD;
[xUnit.net 00:00:02.49]   Finished:    HospitalityPlatform.Api.Tests&#xD;
</StdOut>
    </Output>
  </ResultSummary>
</TestRun>